<?xml version="1.0" encoding="UTF-8"?>
<!-- Generated by org.testng.reporters.JUnitXMLReporter -->
<testsuite ignored="0" hostname="LAPTOP-F40UOO13" failures="0" tests="4" name="Default test" time="66.334" errors="0" timestamp="19 Jul 2020 16:00:21 GMT">
  <testcase classname="com.Bhagavan.App" name="verifyTitle" time="1.423"/>
  <testcase classname="com.Bhagavan.App" name="alreadyRegistered" time="6.054"/>
  <testcase classname="com.Bhagavan.App" name="signinaccountPage" time="28.324"/>
  <testcase classname="com.Bhagavan.App" name="Login" time="30.479"/>
</testsuite> <!-- Default test -->
